Using pre-set license
Built from '2022.3/staging' branch; Version is '2022.3.22f1 (887be4894c44) revision 8944612'; Using compiler version '192829333'; Build Type 'Release'
OS: 'Windows 11  (10.0.22631) 64bit Core' Language: 'ko' Physical Memory: 32387 MB
BatchMode: 1, IsHumanControllingUs: 0, StartBugReporterOnCrash: 0, Is64bit: 1, IsPro: 1

COMMAND LINE ARGUMENTS:
C:\Program Files\Unity\Hub\Editor\2022.3.22f1\Editor\Unity.exe
-adb2
-batchMode
-noUpm
-name
AssetImportWorker4
-projectPath
D:/Github/cleaning-game/cleaning game
-logFile
Logs/AssetImportWorker4.log
-srvPort
57284
Successfully changed project path to: D:/Github/cleaning-game/cleaning game
D:/Github/cleaning-game/cleaning game
[UnityMemory] Configuration Parameters - Can be set up in boot.config
    "memorysetup-bucket-allocator-granularity=16"
    "memorysetup-bucket-allocator-bucket-count=8"
    "memorysetup-bucket-allocator-block-size=33554432"
    "memorysetup-bucket-allocator-block-count=8"
    "memorysetup-main-allocator-block-size=16777216"
    "memorysetup-thread-allocator-block-size=16777216"
    "memorysetup-gfx-main-allocator-block-size=16777216"
    "memorysetup-gfx-thread-allocator-block-size=16777216"
    "memorysetup-cache-allocator-block-size=4194304"
    "memorysetup-typetree-allocator-block-size=2097152"
    "memorysetup-profiler-bucket-allocator-granularity=16"
    "memorysetup-profiler-bucket-allocator-bucket-count=8"
    "memorysetup-profiler-bucket-allocator-block-size=33554432"
    "memorysetup-profiler-bucket-allocator-block-count=8"
    "memorysetup-profiler-allocator-block-size=16777216"
    "memorysetup-profiler-editor-allocator-block-size=1048576"
    "memorysetup-temp-allocator-size-main=16777216"
    "memorysetup-job-temp-allocator-block-size=2097152"
    "memorysetup-job-temp-allocator-block-size-background=1048576"
    "memorysetup-job-temp-allocator-reduction-small-platforms=262144"
    "memorysetup-allocator-temp-initial-block-size-main=262144"
    "memorysetup-allocator-temp-initial-block-size-worker=262144"
    "memorysetup-temp-allocator-size-background-worker=32768"
    "memorysetup-temp-allocator-size-job-worker=262144"
    "memorysetup-temp-allocator-size-preload-manager=33554432"
    "memorysetup-temp-allocator-size-nav-mesh-worker=65536"
    "memorysetup-temp-allocator-size-audio-worker=65536"
    "memorysetup-temp-allocator-size-cloud-worker=32768"
    "memorysetup-temp-allocator-size-gi-baking-worker=262144"
    "memorysetup-temp-allocator-size-gfx=262144"
Player connection [31724] Host "[IP] 192.168.45.56 [Port] 0 [Flags] 2 [Guid] 1403639113 [EditorId] 1403639113 [Version] 1048832 [Id] WindowsEditor(7,dojiseon) [Debug] 1 [PackageName] WindowsEditor [ProjectName] Editor" joined multi-casting on [225.0.0.222:54997]...

Player connection [31724] Host "[IP] 192.168.45.56 [Port] 0 [Flags] 2 [Guid] 1403639113 [EditorId] 1403639113 [Version] 1048832 [Id] WindowsEditor(7,dojiseon) [Debug] 1 [PackageName] WindowsEditor [ProjectName] Editor" joined alternative multi-casting on [225.0.0.222:34997]...

[Physics::Module] Initialized MultithreadedJobDispatcher with 19 workers.
Refreshing native plugins compatible for Editor in 6.43 ms, found 3 plugins.
Preloading 0 native plugins for Editor in 0.00 ms.
Initialize engine version: 2022.3.22f1 (887be4894c44)
[Subsystems] Discovering subsystems at path C:/Program Files/Unity/Hub/Editor/2022.3.22f1/Editor/Data/Resources/UnitySubsystems
[Subsystems] Discovering subsystems at path D:/Github/cleaning-game/cleaning game/Assets
GfxDevice: creating device client; threaded=0; jobified=0
Direct3D:
    Version:  Direct3D 11.0 [level 11.1]
    Renderer: NVIDIA GeForce RTX 4060 Laptop GPU (ID=0x28e0)
    Vendor:   NVIDIA
    VRAM:     7957 MB
    Driver:   32.0.15.5597
Initialize mono
Mono path[0] = 'C:/Program Files/Unity/Hub/Editor/2022.3.22f1/Editor/Data/Managed'
Mono path[1] = 'C:/Program Files/Unity/Hub/Editor/2022.3.22f1/Editor/Data/MonoBleedingEdge/lib/mono/unityjit-win32'
Mono config path = 'C:/Program Files/Unity/Hub/Editor/2022.3.22f1/Editor/Data/MonoBleedingEdge/etc'
Using monoOptions --debugger-agent=transport=dt_socket,embedding=1,server=y,suspend=n,address=127.0.0.1:56416
Begin MonoManager ReloadAssembly
Registering precompiled unity dll's ...
Register platform support module: C:/Program Files/Unity/Hub/Editor/2022.3.22f1/Editor/Data/PlaybackEngines/AndroidPlayer/UnityEditor.Android.Extensions.dll
Register platform support module: C:/Program Files/Unity/Hub/Editor/2022.3.22f1/Editor/Data/PlaybackEngines/WindowsStandaloneSupport/UnityEditor.WindowsStandalone.Extensions.dll
Registered in 0.006854 seconds.
- Loaded All Assemblies, in  0.301 seconds
Native extension for WindowsStandalone target not found
Native extension for Android target not found
Android Extension - Scanning For ADB Devices 361 ms
Mono: successfully reloaded assembly
- Finished resetting the current domain, in  0.624 seconds
Domain Reload Profiling: 923ms
	BeginReloadAssembly (98ms)
		ExecutionOrderSort (0ms)
		DisableScriptedObjects (0ms)
		BackupInstance (0ms)
		ReleaseScriptingObjects (0ms)
		CreateAndSetChildDomain (1ms)
	RebuildCommonClasses (26ms)
	RebuildNativeTypeToScriptingClass (7ms)
	initialDomainReloadingComplete (46ms)
	LoadAllAssembliesAndSetupDomain (121ms)
		LoadAssemblies (97ms)
		RebuildTransferFunctionScriptingTraits (0ms)
		AnalyzeDomain (119ms)
			TypeCache.Refresh (117ms)
				TypeCache.ScanAssembly (101ms)
			ScanForSourceGeneratedMonoScriptInfo (1ms)
			ResolveRequiredComponents (0ms)
	FinalizeReload (624ms)
		ReleaseScriptCaches (0ms)
		RebuildScriptCaches (0ms)
		SetupLoadedEditorAssemblies (570ms)
			LogAssemblyErrors (0ms)
			InitializePlatformSupportModulesInManaged (455ms)
			SetLoadedEditorAssemblies (3ms)
			RefreshPlugins (0ms)
			BeforeProcessingInitializeOnLoad (1ms)
			ProcessInitializeOnLoadAttributes (74ms)
			ProcessInitializeOnLoadMethodAttributes (38ms)
			AfterProcessingInitializeOnLoad (0ms)
			EditorAssembliesLoaded (0ms)
		ExecutionOrderSort2 (0ms)
		AwakeInstancesAfterBackupRestoration (0ms)
========================================================================
Worker process is ready to serve import requests
Begin MonoManager ReloadAssembly
Symbol file data-0000025093369030 doesn't match image D:\Github\cleaning-game\cleaning game\Library\ScriptAssemblies\Assembly-CSharp.dll
Symbol file LoadedFromMemory is not a mono symbol file
Symbol file data-0000025094AC0100 doesn't match image D:\Github\cleaning-game\cleaning game\Library\ScriptAssemblies\Assembly-CSharp-Editor.dll
Symbol file LoadedFromMemory is not a mono symbol file
- Loaded All Assemblies, in  0.491 seconds
Refreshing native plugins compatible for Editor in 2.44 ms, found 3 plugins.
Native extension for WindowsStandalone target not found
Native extension for Android target not found
Mono: successfully reloaded assembly
- Finished resetting the current domain, in  0.436 seconds
Domain Reload Profiling: 925ms
	BeginReloadAssembly (116ms)
		ExecutionOrderSort (0ms)
		DisableScriptedObjects (3ms)
		BackupInstance (0ms)
		ReleaseScriptingObjects (0ms)
		CreateAndSetChildDomain (15ms)
	RebuildCommonClasses (25ms)
	RebuildNativeTypeToScriptingClass (8ms)
	initialDomainReloadingComplete (32ms)
	LoadAllAssembliesAndSetupDomain (308ms)
		LoadAssemblies (250ms)
		RebuildTransferFunctionScriptingTraits (0ms)
		AnalyzeDomain (133ms)
			TypeCache.Refresh (116ms)
				TypeCache.ScanAssembly (103ms)
			ScanForSourceGeneratedMonoScriptInfo (11ms)
			ResolveRequiredComponents (5ms)
	FinalizeReload (436ms)
		ReleaseScriptCaches (0ms)
		RebuildScriptCaches (0ms)
		SetupLoadedEditorAssemblies (329ms)
			LogAssemblyErrors (0ms)
			InitializePlatformSupportModulesInManaged (17ms)
			SetLoadedEditorAssemblies (3ms)
			RefreshPlugins (0ms)
			BeforeProcessingInitializeOnLoad (42ms)
			ProcessInitializeOnLoadAttributes (243ms)
			ProcessInitializeOnLoadMethodAttributes (17ms)
			AfterProcessingInitializeOnLoad (7ms)
			EditorAssembliesLoaded (0ms)
		ExecutionOrderSort2 (0ms)
		AwakeInstancesAfterBackupRestoration (9ms)
Launched and connected shader compiler UnityShaderCompiler.exe after 0.04 seconds
Refreshing native plugins compatible for Editor in 3.09 ms, found 3 plugins.
Preloading 0 native plugins for Editor in 0.00 ms.
Unloading 3376 Unused Serialized files (Serialized files now loaded: 0)
Unloading 40 unused Assets / (60.1 KB). Loaded Objects now: 3836.
Memory consumption went from 144.8 MB to 144.8 MB.
Total: 2.280100 ms (FindLiveObjects: 0.191100 ms CreateObjectMapping: 0.073300 ms MarkObjects: 1.930300 ms  DeleteObjects: 0.084400 ms)

AssetImportParameters requested are different than current active one (requested -> active):
  custom:container-demuxer-ogg: 62fdf1f143b41e24485cea50d1cbac27 -> 
  custom:video-codec-MediaFoundation-h265: 746d11721c4dcdbdad8f713fa42b33f4 -> 
  custom:video-decoder-ogg-theora: a1e56fd34408186e4bbccfd4996cb3dc -> 
  custom:framework-win-MediaFoundation: 216162199b28c13a410421893ffa2e32 -> 
  custom:CustomObjectIndexerAttribute: 9a22284fe3817be447336de3de66b15e -> 
  custom:container-demuxer-webm: 4f35f7cbe854078d1ac9338744f61a02 -> 
  custom:container-muxer-webm: aa71ff27fc2769a1b78a27578f13a17b -> 
  custom:video-decoder-webm-vp8: 9c59270c3fd7afecdb556c50c9e8de78 -> 
  custom:SearchIndexIgnoredProperties: e643bd26f0fe6173181afceb89e7c659 -> 
  custom:AudioImporter_EditorPlatform: d09bf68614088b80899f8185d706f6e7 -> 
  custom:video-encoder-webm-vp8: eb34c28f22e8b96e1ab97ce403110664 -> 
  custom:audio-decoder-ogg-vorbis: bf7c407c2cedff20999df2af8eb42d56 -> 
  custom:audio-encoder-webm-vorbis: bf7c407c2cedff20999df2af8eb42d56 -> 
========================================================================
Received Import Request.
  Time since last request: 5286.619284 seconds.
  path: Assets/Police Department/Material/BlindsA_Closed.mat
  artifactKey: Guid(aa362eee13dd1604fac25aa0e5917fde) Importer(815301076,1909f56bfc062723c751e8b465ee728b)
Start importing Assets/Police Department/Material/BlindsA_Closed.mat using Guid(aa362eee13dd1604fac25aa0e5917fde) Importer(815301076,1909f56bfc062723c751e8b465ee728b)  -> (artifact id: '43407c4a467083f91555715166187005') in 0.287715 seconds
Number of updated asset objects reloaded before import = 0
Number of asset objects unloaded after import = 6
========================================================================
Received Import Request.
  Time since last request: 0.000025 seconds.
  path: Assets/Police Department/Material/CeilingLampA_On.mat
  artifactKey: Guid(0b6f3a6baec7c4f4b9fcac9659aabdfe) Importer(815301076,1909f56bfc062723c751e8b465ee728b)
Start importing Assets/Police Department/Material/CeilingLampA_On.mat using Guid(0b6f3a6baec7c4f4b9fcac9659aabdfe) Importer(815301076,1909f56bfc062723c751e8b465ee728b)  -> (artifact id: '005239a1bca56533664eac26901721bf') in 0.121996 seconds
Number of updated asset objects reloaded before import = 0
Number of asset objects unloaded after import = 7
========================================================================
Received Import Request.
  Time since last request: 0.000027 seconds.
  path: Assets/Police Department/Material/Case.mat
  artifactKey: Guid(249b3a9713367cb48b3b07b31d91e0c0) Importer(815301076,1909f56bfc062723c751e8b465ee728b)
Start importing Assets/Police Department/Material/Case.mat using Guid(249b3a9713367cb48b3b07b31d91e0c0) Importer(815301076,1909f56bfc062723c751e8b465ee728b)  -> (artifact id: 'c936ac352e2dc37b069bad0f90736a3a') in 0.034406 seconds
Number of updated asset objects reloaded before import = 0
Number of asset objects unloaded after import = 6
========================================================================
Received Import Request.
  Time since last request: 0.150799 seconds.
  path: Assets/Police Department/Material/ChairA.mat
  artifactKey: Guid(d8a02feeff842ee488bf43c1123dea7f) Importer(815301076,1909f56bfc062723c751e8b465ee728b)
Start importing Assets/Police Department/Material/ChairA.mat using Guid(d8a02feeff842ee488bf43c1123dea7f) Importer(815301076,1909f56bfc062723c751e8b465ee728b)  -> (artifact id: 'd50ddf57b810f2f71e6b6a59f8564659') in 0.035140 seconds
Number of updated asset objects reloaded before import = 0
Number of asset objects unloaded after import = 6
========================================================================
Received Import Request.
  Time since last request: 0.024451 seconds.
  path: Assets/Police Department/Material/CupA_2.mat
  artifactKey: Guid(f821ff6443e19bd4da21e1b8175ed7d2) Importer(815301076,1909f56bfc062723c751e8b465ee728b)
Start importing Assets/Police Department/Material/CupA_2.mat using Guid(f821ff6443e19bd4da21e1b8175ed7d2) Importer(815301076,1909f56bfc062723c751e8b465ee728b)  -> (artifact id: '75caba62902198e1a9d7184811edcb6c') in 0.025448 seconds
Number of updated asset objects reloaded before import = 0
Number of asset objects unloaded after import = 6
========================================================================
Received Import Request.
  Time since last request: 0.000018 seconds.
  path: Assets/Police Department/Material/DoorB.mat
  artifactKey: Guid(ed020b62e124d1e4ead37470549617f2) Importer(815301076,1909f56bfc062723c751e8b465ee728b)
Start importing Assets/Police Department/Material/DoorB.mat using Guid(ed020b62e124d1e4ead37470549617f2) Importer(815301076,1909f56bfc062723c751e8b465ee728b)  -> (artifact id: 'f04c5b2789ef038617e64222ac70d967') in 0.031710 seconds
Number of updated asset objects reloaded before import = 0
Number of asset objects unloaded after import = 6
========================================================================
Received Import Request.
  Time since last request: 0.000021 seconds.
  path: Assets/Police Department/Material/Documents.mat
  artifactKey: Guid(0993b7567497a664395ecf6c4ba30ad3) Importer(815301076,1909f56bfc062723c751e8b465ee728b)
Start importing Assets/Police Department/Material/Documents.mat using Guid(0993b7567497a664395ecf6c4ba30ad3) Importer(815301076,1909f56bfc062723c751e8b465ee728b)  -> (artifact id: '8d2ff8f3085c283cbefe21971800715e') in 0.178551 seconds
Number of updated asset objects reloaded before import = 0
Number of asset objects unloaded after import = 5
========================================================================
Received Import Request.
  Time since last request: 1.829616 seconds.
  path: Assets/Police Department/Prefabs/BlindsA_Closed.prefab
  artifactKey: Guid(d91e62d708bc855408fc32186b3bf120) Importer(815301076,1909f56bfc062723c751e8b465ee728b)
Start importing Assets/Police Department/Prefabs/BlindsA_Closed.prefab using Guid(d91e62d708bc855408fc32186b3bf120) Importer(815301076,1909f56bfc062723c751e8b465ee728b)  -> (artifact id: '4c4423488bf25e746da139ad617e7deb') in 0.061064 seconds
Number of updated asset objects reloaded before import = 0
Number of asset objects unloaded after import = 13
========================================================================
Received Import Request.
  Time since last request: 0.000027 seconds.
  path: Assets/Police Department/Prefabs/BoxB.prefab
  artifactKey: Guid(6642c8d0c2b255545b87d2b88653df13) Importer(815301076,1909f56bfc062723c751e8b465ee728b)
Start importing Assets/Police Department/Prefabs/BoxB.prefab using Guid(6642c8d0c2b255545b87d2b88653df13) Importer(815301076,1909f56bfc062723c751e8b465ee728b)  -> (artifact id: 'a52d382d8fd91df5cb08329be7737206') in 0.054349 seconds
Number of updated asset objects reloaded before import = 0
Number of asset objects unloaded after import = 13
========================================================================
Received Import Request.
  Time since last request: 0.000060 seconds.
  path: Assets/Police Department/Prefabs/CeilingLampA_Off.prefab
  artifactKey: Guid(f71e78958845ebb4da4f9a827e4fb5f2) Importer(815301076,1909f56bfc062723c751e8b465ee728b)
Start importing Assets/Police Department/Prefabs/CeilingLampA_Off.prefab using Guid(f71e78958845ebb4da4f9a827e4fb5f2) Importer(815301076,1909f56bfc062723c751e8b465ee728b)  -> (artifact id: 'c072b6394b6e3fa89ab8cee3219e68f5') in 0.051180 seconds
Number of updated asset objects reloaded before import = 0
Number of asset objects unloaded after import = 13
========================================================================
Received Import Request.
  Time since last request: 0.000024 seconds.
  path: Assets/Police Department/Prefabs/Case.prefab
  artifactKey: Guid(57dcc70245d740946af482ce3c624a43) Importer(815301076,1909f56bfc062723c751e8b465ee728b)
Start importing Assets/Police Department/Prefabs/Case.prefab using Guid(57dcc70245d740946af482ce3c624a43) Importer(815301076,1909f56bfc062723c751e8b465ee728b)  -> (artifact id: '9cc5ebd47ce376dfd1cdafa8b2c2dffb') in 0.047957 seconds
Number of updated asset objects reloaded before import = 0
Number of asset objects unloaded after import = 13
========================================================================
Received Import Request.
  Time since last request: 0.000018 seconds.
  path: Assets/Police Department/Prefabs/CeilingLampB_On.prefab
  artifactKey: Guid(8914655f4c6532c4cbc631914c04332d) Importer(815301076,1909f56bfc062723c751e8b465ee728b)
Start importing Assets/Police Department/Prefabs/CeilingLampB_On.prefab using Guid(8914655f4c6532c4cbc631914c04332d) Importer(815301076,1909f56bfc062723c751e8b465ee728b)  -> (artifact id: '4338db46ae5e87aa4561d2eed29cee33') in 0.032686 seconds
Number of updated asset objects reloaded before import = 0
Number of asset objects unloaded after import = 14
========================================================================
Received Import Request.
  Time since last request: 0.263263 seconds.
  path: Assets/Police Department/Prefabs/CeilingLampW_On.prefab
  artifactKey: Guid(47f8d04d3dcebad40846bc8e3fba3368) Importer(815301076,1909f56bfc062723c751e8b465ee728b)
Start importing Assets/Police Department/Prefabs/CeilingLampW_On.prefab using Guid(47f8d04d3dcebad40846bc8e3fba3368) Importer(815301076,1909f56bfc062723c751e8b465ee728b)  -> (artifact id: 'b095c246872024d1959ba4baf4a47ccf') in 0.030855 seconds
Number of updated asset objects reloaded before import = 0
Number of asset objects unloaded after import = 16
========================================================================
Received Import Request.
  Time since last request: 0.000013 seconds.
  path: Assets/Police Department/Prefabs/Clock.prefab
  artifactKey: Guid(cac2f82adb0519a49bd1d6c1baab7c90) Importer(815301076,1909f56bfc062723c751e8b465ee728b)
Start importing Assets/Police Department/Prefabs/Clock.prefab using Guid(cac2f82adb0519a49bd1d6c1baab7c90) Importer(815301076,1909f56bfc062723c751e8b465ee728b)  -> (artifact id: 'c6a4fd132630cebd6f496513639ebc51') in 0.040065 seconds
Number of updated asset objects reloaded before import = 0
Number of asset objects unloaded after import = 55
========================================================================
Received Import Request.
  Time since last request: 0.000021 seconds.
  path: Assets/Police Department/Prefabs/FireAlarm.prefab
  artifactKey: Guid(9b637c182015fb447b491e457d3134eb) Importer(815301076,1909f56bfc062723c751e8b465ee728b)
Start importing Assets/Police Department/Prefabs/FireAlarm.prefab using Guid(9b637c182015fb447b491e457d3134eb) Importer(815301076,1909f56bfc062723c751e8b465ee728b)  -> (artifact id: '0513cbf15200fed3a3eba86b29bcb626') in 0.025906 seconds
Number of updated asset objects reloaded before import = 0
Number of asset objects unloaded after import = 13
========================================================================
Received Import Request.
  Time since last request: 0.000020 seconds.
  path: Assets/Police Department/Prefabs/DoorC.prefab
  artifactKey: Guid(93cf0d02119de3145b6eaa4b5a9d73c2) Importer(815301076,1909f56bfc062723c751e8b465ee728b)
Start importing Assets/Police Department/Prefabs/DoorC.prefab using Guid(93cf0d02119de3145b6eaa4b5a9d73c2) Importer(815301076,1909f56bfc062723c751e8b465ee728b)  -> (artifact id: '8c6ed3b4ebf6602f6935bc47110a0c58') in 0.036889 seconds
Number of updated asset objects reloaded before import = 0
Number of asset objects unloaded after import = 20
========================================================================
Received Import Request.
  Time since last request: 0.000023 seconds.
  path: Assets/Police Department/Prefabs/FireSprinkler.prefab
  artifactKey: Guid(f03d8d0273af6dd4da50ba63f46decde) Importer(815301076,1909f56bfc062723c751e8b465ee728b)
Start importing Assets/Police Department/Prefabs/FireSprinkler.prefab using Guid(f03d8d0273af6dd4da50ba63f46decde) Importer(815301076,1909f56bfc062723c751e8b465ee728b)  -> (artifact id: 'bb7a317d7e7b26ca755a20341e59f975') in 0.038735 seconds
Number of updated asset objects reloaded before import = 0
Number of asset objects unloaded after import = 13
========================================================================
Received Import Request.
  Time since last request: 0.000029 seconds.
  path: Assets/Police Department/Prefabs/CupA.prefab
  artifactKey: Guid(a871f558aa432cd4d8e947bd98489fc0) Importer(815301076,1909f56bfc062723c751e8b465ee728b)
Start importing Assets/Police Department/Prefabs/CupA.prefab using Guid(a871f558aa432cd4d8e947bd98489fc0) Importer(815301076,1909f56bfc062723c751e8b465ee728b)  -> (artifact id: '7e2755a3a155aceef20c416a2bd7eead') in 0.030491 seconds
Number of updated asset objects reloaded before import = 0
Number of asset objects unloaded after import = 13
========================================================================
Received Import Request.
  Time since last request: 0.000039 seconds.
  path: Assets/Police Department/Prefabs/Extinguisher.prefab
  artifactKey: Guid(9a1ba9c1d27e78340b0f5b822a8e3b09) Importer(815301076,1909f56bfc062723c751e8b465ee728b)
Start importing Assets/Police Department/Prefabs/Extinguisher.prefab using Guid(9a1ba9c1d27e78340b0f5b822a8e3b09) Importer(815301076,1909f56bfc062723c751e8b465ee728b)  -> (artifact id: 'f8ecf93decda2d37c23141aef267084b') in 0.037370 seconds
Number of updated asset objects reloaded before import = 0
Number of asset objects unloaded after import = 15
========================================================================
Received Import Request.
  Time since last request: 0.000017 seconds.
  path: Assets/Police Department/Prefabs/DoorB.prefab
  artifactKey: Guid(82700bfc3a9a0c545a94275414a2fbea) Importer(815301076,1909f56bfc062723c751e8b465ee728b)
Start importing Assets/Police Department/Prefabs/DoorB.prefab using Guid(82700bfc3a9a0c545a94275414a2fbea) Importer(815301076,1909f56bfc062723c751e8b465ee728b)  -> (artifact id: 'a5738d6ea72bbd08fd9cf8e9e29d4a55') in 0.203287 seconds
Number of updated asset objects reloaded before import = 0
Number of asset objects unloaded after import = 36
========================================================================
Received Import Request.
  Time since last request: 2.028065 seconds.
  path: Assets/Police Department/Packages/Upgrade to URP.pdf
  artifactKey: Guid(1226bb73adfe0c64aaa50a2a13a17120) Importer(815301076,1909f56bfc062723c751e8b465ee728b)
Start importing Assets/Police Department/Packages/Upgrade to URP.pdf using Guid(1226bb73adfe0c64aaa50a2a13a17120) Importer(815301076,1909f56bfc062723c751e8b465ee728b)  -> (artifact id: '1432cb0d25c2209bc2770938d01a02cd') in 0.001115 seconds
Number of updated asset objects reloaded before import = 0
Number of asset objects unloaded after import = 1
========================================================================
Received Import Request.
  Time since last request: 65.657016 seconds.
  path: Assets/Victorian Interiors
  artifactKey: Guid(a0ca81a0f86934e41bf3eae195f4ab3a) Importer(815301076,1909f56bfc062723c751e8b465ee728b)
Start importing Assets/Victorian Interiors using Guid(a0ca81a0f86934e41bf3eae195f4ab3a) Importer(815301076,1909f56bfc062723c751e8b465ee728b)  -> (artifact id: '44001995e32a5ad6a9a87ca879dd47bd') in 0.000405 seconds
Number of updated asset objects reloaded before import = 0
Number of asset objects unloaded after import = 0
========================================================================
Received Prepare
Begin MonoManager ReloadAssembly
- Loaded All Assemblies, in  0.348 seconds
Refreshing native plugins compatible for Editor in 2.06 ms, found 3 plugins.
Native extension for WindowsStandalone target not found
Native extension for Android target not found
Mono: successfully reloaded assembly
- Finished resetting the current domain, in  0.642 seconds
Domain Reload Profiling: 989ms
	BeginReloadAssembly (122ms)
		ExecutionOrderSort (0ms)
		DisableScriptedObjects (4ms)
		BackupInstance (0ms)
		ReleaseScriptingObjects (0ms)
		CreateAndSetChildDomain (27ms)
	RebuildCommonClasses (23ms)
	RebuildNativeTypeToScriptingClass (8ms)
	initialDomainReloadingComplete (22ms)
	LoadAllAssembliesAndSetupDomain (171ms)
		LoadAssemblies (216ms)
		RebuildTransferFunctionScriptingTraits (0ms)
		AnalyzeDomain (20ms)
			TypeCache.Refresh (9ms)
				TypeCache.ScanAssembly (1ms)
			ScanForSourceGeneratedMonoScriptInfo (4ms)
			ResolveRequiredComponents (6ms)
	FinalizeReload (643ms)
		ReleaseScriptCaches (0ms)
		RebuildScriptCaches (0ms)
		SetupLoadedEditorAssemblies (355ms)
			LogAssemblyErrors (0ms)
			InitializePlatformSupportModulesInManaged (18ms)
			SetLoadedEditorAssemblies (2ms)
			RefreshPlugins (0ms)
			BeforeProcessingInitializeOnLoad (46ms)
			ProcessInitializeOnLoadAttributes (263ms)
			ProcessInitializeOnLoadMethodAttributes (17ms)
			AfterProcessingInitializeOnLoad (7ms)
			EditorAssembliesLoaded (0ms)
		ExecutionOrderSort2 (0ms)
		AwakeInstancesAfterBackupRestoration (12ms)
Refreshing native plugins compatible for Editor in 4.56 ms, found 3 plugins.
Preloading 0 native plugins for Editor in 0.00 ms.
Unloading 3356 Unused Serialized files (Serialized files now loaded: 0)
Unloading 30 unused Assets / (245.4 KB). Loaded Objects now: 3883.
Memory consumption went from 142.1 MB to 141.9 MB.
Total: 2.204700 ms (FindLiveObjects: 0.179600 ms CreateObjectMapping: 0.060800 ms MarkObjects: 1.832600 ms  DeleteObjects: 0.130400 ms)

Prepare: number of updated asset objects reloaded= 0
AssetImportParameters requested are different than current active one (requested -> active):
  custom:container-demuxer-ogg: 62fdf1f143b41e24485cea50d1cbac27 -> 
  custom:video-codec-MediaFoundation-h265: 746d11721c4dcdbdad8f713fa42b33f4 -> 
  custom:video-decoder-ogg-theora: a1e56fd34408186e4bbccfd4996cb3dc -> 
  custom:framework-win-MediaFoundation: 216162199b28c13a410421893ffa2e32 -> 
  custom:CustomObjectIndexerAttribute: 9a22284fe3817be447336de3de66b15e -> 
  custom:container-demuxer-webm: 4f35f7cbe854078d1ac9338744f61a02 -> 
  custom:container-muxer-webm: aa71ff27fc2769a1b78a27578f13a17b -> 
  custom:video-decoder-webm-vp8: 9c59270c3fd7afecdb556c50c9e8de78 -> 
  custom:SearchIndexIgnoredProperties: e643bd26f0fe6173181afceb89e7c659 -> 
  custom:AudioImporter_EditorPlatform: d09bf68614088b80899f8185d706f6e7 -> 
  custom:video-encoder-webm-vp8: eb34c28f22e8b96e1ab97ce403110664 -> 
  custom:audio-decoder-ogg-vorbis: bf7c407c2cedff20999df2af8eb42d56 -> 
  custom:audio-encoder-webm-vorbis: bf7c407c2cedff20999df2af8eb42d56 -> 
